Arguments: 
  /home/cgji58/.nvm/versions/node/v12.18.2/bin/node /mnt/c/Program Files (x86)/Yarn/bin/yarn.js init

PATH: 
  /home/cgji58/.nvm/versions/node/v12.18.2/bin:/usr/local/sbin:/usr/local/bin:/usr/sbin:/usr/bin:/sbin:/bin:/usr/games:/usr/local/games:/usr/lib/wsl/lib:/mnt/c/Program Files (x86)/NetSarang/Xshell 6/:/mnt/c/Program Files (x86)/Intel/Intel(R) Management Engine Components/iCLS/:/mnt/c/Program Files/Intel/Intel(R) Management Engine Components/iCLS/:/mnt/c/Windows/system32:/mnt/c/Windows:/mnt/c/Windows/System32/Wbem:/mnt/c/Windows/System32/WindowsPowerShell/v1.0/:/mnt/c/Windows/System32/OpenSSH/:/mnt/c/Program Files (x86)/Intel/Intel(R) Management Engine Components/DAL:/mnt/c/Program Files/Intel/Intel(R) Management Engine Components/DAL:/mnt/c/Program Files (x86)/NVIDIA Corporation/PhysX/Common:/mnt/c/Program Files/Intel/WiFi/bin/:/mnt/c/Program Files/Common Files/Intel/WirelessCommon/:/mnt/c/WINDOWS/system32:/mnt/c/WINDOWS:/mnt/c/WINDOWS/System32/Wbem:/mnt/c/WINDOWS/System32/WindowsPowerShell/v1.0/:/mnt/c/WINDOWS/System32/OpenSSH/:/mnt/c/Program Files/MATLAB/R2020a/bin:/mnt/c/Program Files/dotnet/:/mnt/c/Program Files/Git/cmd:/mnt/c/ProgramData/chocolatey/bin:/mnt/c/Program Files (x86)/Yarn/bin/:/mnt/c/Program Files/NVIDIA Corporation/NVIDIA NvDLISR:/mnt/c/Program Files/Microsoft VS Code/bin:/mnt/c/Program Files/nodejs/:/mnt/c/Users/dell/AppData/Local/Programs/Python/Python36/Scripts/:/mnt/c/Users/dell/AppData/Local/Programs/Python/Python36/:/mnt/c/Users/dell/AppData/Local/Microsoft/WindowsApps:/mnt/c/Program Files/Bandizip/:/mnt/c/Users/dell/AppData/Local/Programs/Microsoft VS Code/bin:/mnt/c/Users/dell/AppData/Local/atom/bin:/mnt/c/Users/dell/AppData/Local/Microsoft/WindowsApps:/mnt/c/Users/dell/.dotnet/tools:/mnt/c/Users/dell/AppData/Local/GitHubDesktop/bin:/mnt/c/Users/dell/AppData/Local/Yarn/bin:/mnt/c/Users/dell/AppData/Roaming/npm

Yarn version: 
  1.22.15

Node version: 
  12.18.2

Platform: 
  linux x64

Trace: 
  SyntaxError: /home/cgji58/Documents/my-projects/scss-clone-practice/package.json: Unexpected end of JSON input
      at JSON.parse (<anonymous>)
      at /mnt/c/Program Files (x86)/Yarn/lib/cli.js:1625:59
      at Generator.next (<anonymous>)
      at step (/mnt/c/Program Files (x86)/Yarn/lib/cli.js:310:30)
      at /mnt/c/Program Files (x86)/Yarn/lib/cli.js:321:13

npm manifest: 
  

yarn manifest: 
  No manifest

Lockfile: 
  No lockfile
